==26418== Helgrind, a thread error detector
==26418== Copyright (C) 2007-2024, and GNU GPL'd, by OpenWorks LLP et al.
==26418== Using Valgrind-3.25.1 and LibVEX; rerun with -h for copyright info
==26418== Command: ./broken
==26418== 
==26418== ---Thread-Announcement------------------------------------------
==26418== 
==26418== Thread #3 was created
==26418==    at 0x4997C1F: clone (clone.S:76)
==26418==    by 0x4997D76: __clone_internal_fallback (clone-internal.c:64)
==26418==    by 0x4997D76: __clone_internal (clone-internal.c:109)
==26418==    by 0x4918901: create_thread (pthread_create.c:298)
==26418==    by 0x4919514: pthread_create@@GLIBC_2.34 (pthread_create.c:841)
==26418==    by 0x4859283: pthread_create_WRK (hg_intercepts.c:449)
==26418==    by 0x4001563: main (in /home/kali/os-project/project25-hotel/broken)
==26418== 
==26418== ---Thread-Announcement------------------------------------------
==26418== 
==26418== Thread #2 was created
==26418==    at 0x4997C1F: clone (clone.S:76)
==26418==    by 0x4997D76: __clone_internal_fallback (clone-internal.c:64)
==26418==    by 0x4997D76: __clone_internal (clone-internal.c:109)
==26418==    by 0x4918901: create_thread (pthread_create.c:298)
==26418==    by 0x4919514: pthread_create@@GLIBC_2.34 (pthread_create.c:841)
==26418==    by 0x4859283: pthread_create_WRK (hg_intercepts.c:449)
==26418==    by 0x4001563: main (in /home/kali/os-project/project25-hotel/broken)
==26418== 
==26418== ----------------------------------------------------------------
==26418== 
==26418== Possible data race during read of size 1 at 0x4004088 by thread #3
==26418== Locks held: none
==26418==    at 0x400129B: client (in /home/kali/os-project/project25-hotel/broken)
==26418==    by 0x485948A: mythread_wrapper (hg_intercepts.c:410)
==26418==    by 0x4918DA8: start_thread (pthread_create.c:448)
==26418==    by 0x4997C2F: clone (clone.S:100)
==26418== 
==26418== This conflicts with a previous write of size 1 by thread #2
==26418== Locks held: none
==26418==    at 0x40012BA: client (in /home/kali/os-project/project25-hotel/broken)
==26418==    by 0x485948A: mythread_wrapper (hg_intercepts.c:410)
==26418==    by 0x4918DA8: start_thread (pthread_create.c:448)
==26418==    by 0x4997C2F: clone (clone.S:100)
==26418==  Address 0x4004088 is 8 bytes inside data symbol "rooms"
==26418== 
==26418== ---Thread-Announcement------------------------------------------
==26418== 
==26418== Thread #5 was created
==26418==    at 0x4997C1F: clone (clone.S:76)
==26418==    by 0x4997D76: __clone_internal_fallback (clone-internal.c:64)
==26418==    by 0x4997D76: __clone_internal (clone-internal.c:109)
==26418==    by 0x4918901: create_thread (pthread_create.c:298)
==26418==    by 0x4919514: pthread_create@@GLIBC_2.34 (pthread_create.c:841)
==26418==    by 0x4859283: pthread_create_WRK (hg_intercepts.c:449)
==26418==    by 0x4001563: main (in /home/kali/os-project/project25-hotel/broken)
==26418== 
==26418== ----------------------------------------------------------------
==26418== 
==26418== Possible data race during write of size 4 at 0x4004120 by thread #2
==26418== Locks held: none
==26418==    at 0x4001353: client (in /home/kali/os-project/project25-hotel/broken)
==26418==    by 0x485948A: mythread_wrapper (hg_intercepts.c:410)
==26418==    by 0x4918DA8: start_thread (pthread_create.c:448)
==26418==    by 0x4997C2F: clone (clone.S:100)
==26418== 
==26418== This conflicts with a previous read of size 4 by thread #5
==26418== Locks held: none
==26418==    at 0x400133A: client (in /home/kali/os-project/project25-hotel/broken)
==26418==    by 0x485948A: mythread_wrapper (hg_intercepts.c:410)
==26418==    by 0x4918DA8: start_thread (pthread_create.c:448)
==26418==    by 0x4997C2F: clone (clone.S:100)
==26418==  Address 0x4004120 is 0 bytes inside data symbol "total_bookings"
==26418== 
==26418== ---Thread-Announcement------------------------------------------
==26418== 
==26418== Thread #4 was created
==26418==    at 0x4997C1F: clone (clone.S:76)
==26418==    by 0x4997D76: __clone_internal_fallback (clone-internal.c:64)
==26418==    by 0x4997D76: __clone_internal (clone-internal.c:109)
==26418==    by 0x4918901: create_thread (pthread_create.c:298)
==26418==    by 0x4919514: pthread_create@@GLIBC_2.34 (pthread_create.c:841)
==26418==    by 0x4859283: pthread_create_WRK (hg_intercepts.c:449)
==26418==    by 0x4001563: main (in /home/kali/os-project/project25-hotel/broken)
==26418== 
==26418== ----------------------------------------------------------------
==26418== 
==26418== Possible data race during write of size 8 at 0x4004128 by thread #4
==26418== Locks held: none
==26418==    at 0x40013F5: client (in /home/kali/os-project/project25-hotel/broken)
==26418==    by 0x485948A: mythread_wrapper (hg_intercepts.c:410)
==26418==    by 0x4918DA8: start_thread (pthread_create.c:448)
==26418==    by 0x4997C2F: clone (clone.S:100)
==26418== 
==26418== This conflicts with a previous read of size 8 by thread #2
==26418== Locks held: none
==26418==    at 0x4001359: client (in /home/kali/os-project/project25-hotel/broken)
==26418==    by 0x485948A: mythread_wrapper (hg_intercepts.c:410)
==26418==    by 0x4918DA8: start_thread (pthread_create.c:448)
==26418==    by 0x4997C2F: clone (clone.S:100)
==26418==  Address 0x4004128 is 0 bytes inside data symbol "total_revenue"
==26418== 
==26418== ---Thread-Announcement------------------------------------------
==26418== 
==26418== Thread #6 was created
==26418==    at 0x4997C1F: clone (clone.S:76)
==26418==    by 0x4997D76: __clone_internal_fallback (clone-internal.c:64)
==26418==    by 0x4997D76: __clone_internal (clone-internal.c:109)
==26418==    by 0x4918901: create_thread (pthread_create.c:298)
==26418==    by 0x4919514: pthread_create@@GLIBC_2.34 (pthread_create.c:841)
==26418==    by 0x4859283: pthread_create_WRK (hg_intercepts.c:449)
==26418==    by 0x4001563: main (in /home/kali/os-project/project25-hotel/broken)
==26418== 
==26418== ----------------------------------------------------------------
==26418== 
==26418== Possible data race during write of size 1 at 0x40040A8 by thread #4
==26418== Locks held: none
==26418==    at 0x400140F: client (in /home/kali/os-project/project25-hotel/broken)
==26418==    by 0x485948A: mythread_wrapper (hg_intercepts.c:410)
==26418==    by 0x4918DA8: start_thread (pthread_create.c:448)
==26418==    by 0x4997C2F: clone (clone.S:100)
==26418== 
==26418== This conflicts with a previous read of size 1 by thread #6
==26418== Locks held: none
==26418==    at 0x400129B: client (in /home/kali/os-project/project25-hotel/broken)
==26418==    by 0x485948A: mythread_wrapper (hg_intercepts.c:410)
==26418==    by 0x4918DA8: start_thread (pthread_create.c:448)
==26418==    by 0x4997C2F: clone (clone.S:100)
==26418==  Address 0x40040a8 is 40 bytes inside data symbol "rooms"
==26418== 
==26418== ----------------------------------------------------------------
==26418== 
==26418== Possible data race during read of size 8 at 0x4004128 by thread #5
==26418== Locks held: none
==26418==    at 0x4001359: client (in /home/kali/os-project/project25-hotel/broken)
==26418==    by 0x485948A: mythread_wrapper (hg_intercepts.c:410)
==26418==    by 0x4918DA8: start_thread (pthread_create.c:448)
==26418==    by 0x4997C2F: clone (clone.S:100)
==26418== 
==26418== This conflicts with a previous write of size 8 by thread #4
==26418== Locks held: none
==26418==    at 0x40013F5: client (in /home/kali/os-project/project25-hotel/broken)
==26418==    by 0x485948A: mythread_wrapper (hg_intercepts.c:410)
==26418==    by 0x4918DA8: start_thread (pthread_create.c:448)
==26418==    by 0x4997C2F: clone (clone.S:100)
==26418==  Address 0x4004128 is 0 bytes inside data symbol "total_revenue"
==26418== 
==26418== ---Thread-Announcement------------------------------------------
==26418== 
==26418== Thread #7 was created
==26418==    at 0x4997C1F: clone (clone.S:76)
==26418==    by 0x4997D76: __clone_internal_fallback (clone-internal.c:64)
==26418==    by 0x4997D76: __clone_internal (clone-internal.c:109)
==26418==    by 0x4918901: create_thread (pthread_create.c:298)
==26418==    by 0x4919514: pthread_create@@GLIBC_2.34 (pthread_create.c:841)
==26418==    by 0x4859283: pthread_create_WRK (hg_intercepts.c:449)
==26418==    by 0x4001563: main (in /home/kali/os-project/project25-hotel/broken)
==26418== 
==26418== ----------------------------------------------------------------
==26418== 
==26418== Possible data race during write of size 1 at 0x40040A8 by thread #7
==26418== Locks held: none
==26418==    at 0x40012BA: client (in /home/kali/os-project/project25-hotel/broken)
==26418==    by 0x485948A: mythread_wrapper (hg_intercepts.c:410)
==26418==    by 0x4918DA8: start_thread (pthread_create.c:448)
==26418==    by 0x4997C2F: clone (clone.S:100)
==26418== 
==26418== This conflicts with a previous read of size 1 by thread #6
==26418== Locks held: none
==26418==    at 0x400129B: client (in /home/kali/os-project/project25-hotel/broken)
==26418==    by 0x485948A: mythread_wrapper (hg_intercepts.c:410)
==26418==    by 0x4918DA8: start_thread (pthread_create.c:448)
==26418==    by 0x4997C2F: clone (clone.S:100)
==26418==  Address 0x40040a8 is 40 bytes inside data symbol "rooms"
==26418== 
==26418== ----------------------------------------------------------------
==26418== 
==26418== Possible data race during write of size 4 at 0x40040AC by thread #7
==26418== Locks held: none
==26418==    at 0x40012D4: client (in /home/kali/os-project/project25-hotel/broken)
==26418==    by 0x485948A: mythread_wrapper (hg_intercepts.c:410)
==26418==    by 0x4918DA8: start_thread (pthread_create.c:448)
==26418==    by 0x4997C2F: clone (clone.S:100)
==26418== 
==26418== This conflicts with a previous write of size 4 by thread #4
==26418== Locks held: none
==26418==    at 0x40012D4: client (in /home/kali/os-project/project25-hotel/broken)
==26418==    by 0x485948A: mythread_wrapper (hg_intercepts.c:410)
==26418==    by 0x4918DA8: start_thread (pthread_create.c:448)
==26418==    by 0x4997C2F: clone (clone.S:100)
==26418==  Address 0x40040ac is 44 bytes inside data symbol "rooms"
==26418== 
==26418== ----------------------------------------------------------------
==26418== 
==26418== Possible data race during read of size 4 at 0x4004120 by thread #6
==26418== Locks held: none
==26418==    at 0x400133A: client (in /home/kali/os-project/project25-hotel/broken)
==26418==    by 0x485948A: mythread_wrapper (hg_intercepts.c:410)
==26418==    by 0x4918DA8: start_thread (pthread_create.c:448)
==26418==    by 0x4997C2F: clone (clone.S:100)
==26418== 
==26418== This conflicts with a previous write of size 4 by thread #5
==26418== Locks held: none
==26418==    at 0x4001353: client (in /home/kali/os-project/project25-hotel/broken)
==26418==    by 0x485948A: mythread_wrapper (hg_intercepts.c:410)
==26418==    by 0x4918DA8: start_thread (pthread_create.c:448)
==26418==    by 0x4997C2F: clone (clone.S:100)
==26418==  Address 0x4004120 is 0 bytes inside data symbol "total_bookings"
==26418== 
==26418== ----------------------------------------------------------------
==26418== 
==26418== Possible data race during write of size 4 at 0x40040AC by thread #7
==26418== Locks held: none
==26418==    at 0x4001426: client (in /home/kali/os-project/project25-hotel/broken)
==26418==    by 0x485948A: mythread_wrapper (hg_intercepts.c:410)
==26418==    by 0x4918DA8: start_thread (pthread_create.c:448)
==26418==    by 0x4997C2F: clone (clone.S:100)
==26418== 
==26418== This conflicts with a previous write of size 4 by thread #4
==26418== Locks held: none
==26418==    at 0x40012D4: client (in /home/kali/os-project/project25-hotel/broken)
==26418==    by 0x485948A: mythread_wrapper (hg_intercepts.c:410)
==26418==    by 0x4918DA8: start_thread (pthread_create.c:448)
==26418==    by 0x4997C2F: clone (clone.S:100)
==26418==  Address 0x40040ac is 44 bytes inside data symbol "rooms"
==26418== 
==26418== 
==26418== Use --history-level=approx or =none to gain increased speed, at
==26418== the cost of reduced accuracy of conflicting-access information
==26418== For lists of detected and suppressed errors, rerun with: -s
==26418== ERROR SUMMARY: 2022 errors from 9 contexts (suppressed: 17161 from 46)
