==347989== Helgrind, a thread error detector
==347989== Copyright (C) 2007-2024, and GNU GPL'd, by OpenWorks LLP et al.
==347989== Using Valgrind-3.25.1 and LibVEX; rerun with -h for copyright info
==347989== Command: ./broken
==347989== Parent PID: 347988
==347989== 
==347989== ---Thread-Announcement------------------------------------------
==347989== 
==347989== Thread #3 was created
==347989==    at 0x4997C1F: clone (clone.S:76)
==347989==    by 0x4997D76: __clone_internal_fallback (clone-internal.c:64)
==347989==    by 0x4997D76: __clone_internal (clone-internal.c:109)
==347989==    by 0x4918901: create_thread (pthread_create.c:298)
==347989==    by 0x4919514: pthread_create@@GLIBC_2.34 (pthread_create.c:841)
==347989==    by 0x4859283: pthread_create_WRK (hg_intercepts.c:449)
==347989==    by 0x4001563: main (in /home/kali/os-project/project25-hotel/broken)
==347989== 
==347989== ---Thread-Announcement------------------------------------------
==347989== 
==347989== Thread #2 was created
==347989==    at 0x4997C1F: clone (clone.S:76)
==347989==    by 0x4997D76: __clone_internal_fallback (clone-internal.c:64)
==347989==    by 0x4997D76: __clone_internal (clone-internal.c:109)
==347989==    by 0x4918901: create_thread (pthread_create.c:298)
==347989==    by 0x4919514: pthread_create@@GLIBC_2.34 (pthread_create.c:841)
==347989==    by 0x4859283: pthread_create_WRK (hg_intercepts.c:449)
==347989==    by 0x4001563: main (in /home/kali/os-project/project25-hotel/broken)
==347989== 
==347989== ----------------------------------------------------------------
==347989== 
==347989== Possible data race during read of size 1 at 0x4004088 by thread #3
==347989== Locks held: none
==347989==    at 0x400129B: client (in /home/kali/os-project/project25-hotel/broken)
==347989==    by 0x485948A: mythread_wrapper (hg_intercepts.c:410)
==347989==    by 0x4918DA8: start_thread (pthread_create.c:448)
==347989==    by 0x4997C2F: clone (clone.S:100)
==347989== 
==347989== This conflicts with a previous write of size 1 by thread #2
==347989== Locks held: none
==347989==    at 0x40012BA: client (in /home/kali/os-project/project25-hotel/broken)
==347989==    by 0x485948A: mythread_wrapper (hg_intercepts.c:410)
==347989==    by 0x4918DA8: start_thread (pthread_create.c:448)
==347989==    by 0x4997C2F: clone (clone.S:100)
==347989==  Address 0x4004088 is 8 bytes inside data symbol "rooms"
==347989== 
==347989== ----------------------------------------------------------------
==347989== 
==347989== Possible data race during write of size 1 at 0x4004088 by thread #2
==347989== Locks held: none
==347989==    at 0x400140F: client (in /home/kali/os-project/project25-hotel/broken)
==347989==    by 0x485948A: mythread_wrapper (hg_intercepts.c:410)
==347989==    by 0x4918DA8: start_thread (pthread_create.c:448)
==347989==    by 0x4997C2F: clone (clone.S:100)
==347989== 
==347989== This conflicts with a previous read of size 1 by thread #3
==347989== Locks held: none
==347989==    at 0x400129B: client (in /home/kali/os-project/project25-hotel/broken)
==347989==    by 0x485948A: mythread_wrapper (hg_intercepts.c:410)
==347989==    by 0x4918DA8: start_thread (pthread_create.c:448)
==347989==    by 0x4997C2F: clone (clone.S:100)
==347989==  Address 0x4004088 is 8 bytes inside data symbol "rooms"
==347989== 
==347989== ---Thread-Announcement------------------------------------------
==347989== 
==347989== Thread #4 was created
==347989==    at 0x4997C1F: clone (clone.S:76)
==347989==    by 0x4997D76: __clone_internal_fallback (clone-internal.c:64)
==347989==    by 0x4997D76: __clone_internal (clone-internal.c:109)
==347989==    by 0x4918901: create_thread (pthread_create.c:298)
==347989==    by 0x4919514: pthread_create@@GLIBC_2.34 (pthread_create.c:841)
==347989==    by 0x4859283: pthread_create_WRK (hg_intercepts.c:449)
==347989==    by 0x4001563: main (in /home/kali/os-project/project25-hotel/broken)
==347989== 
==347989== ----------------------------------------------------------------
==347989== 
==347989== Possible data race during write of size 1 at 0x4004088 by thread #4
==347989== Locks held: none
==347989==    at 0x40012BA: client (in /home/kali/os-project/project25-hotel/broken)
==347989==    by 0x485948A: mythread_wrapper (hg_intercepts.c:410)
==347989==    by 0x4918DA8: start_thread (pthread_create.c:448)
==347989==    by 0x4997C2F: clone (clone.S:100)
==347989== 
==347989== This conflicts with a previous read of size 1 by thread #3
==347989== Locks held: none
==347989==    at 0x400129B: client (in /home/kali/os-project/project25-hotel/broken)
==347989==    by 0x485948A: mythread_wrapper (hg_intercepts.c:410)
==347989==    by 0x4918DA8: start_thread (pthread_create.c:448)
==347989==    by 0x4997C2F: clone (clone.S:100)
==347989==  Address 0x4004088 is 8 bytes inside data symbol "rooms"
==347989== 
==347989== ----------------------------------------------------------------
==347989== 
==347989== Possible data race during write of size 4 at 0x400408C by thread #4
==347989== Locks held: none
==347989==    at 0x40012D4: client (in /home/kali/os-project/project25-hotel/broken)
==347989==    by 0x485948A: mythread_wrapper (hg_intercepts.c:410)
==347989==    by 0x4918DA8: start_thread (pthread_create.c:448)
==347989==    by 0x4997C2F: clone (clone.S:100)
==347989== 
==347989== This conflicts with a previous write of size 4 by thread #2
==347989== Locks held: none
==347989==    at 0x40012D4: client (in /home/kali/os-project/project25-hotel/broken)
==347989==    by 0x485948A: mythread_wrapper (hg_intercepts.c:410)
==347989==    by 0x4918DA8: start_thread (pthread_create.c:448)
==347989==    by 0x4997C2F: clone (clone.S:100)
==347989==  Address 0x400408c is 12 bytes inside data symbol "rooms"
==347989== 
==347989== ----------------------------------------------------------------
==347989== 
==347989== Possible data race during read of size 4 at 0x4004120 by thread #3
==347989== Locks held: none
==347989==    at 0x400133A: client (in /home/kali/os-project/project25-hotel/broken)
==347989==    by 0x485948A: mythread_wrapper (hg_intercepts.c:410)
==347989==    by 0x4918DA8: start_thread (pthread_create.c:448)
==347989==    by 0x4997C2F: clone (clone.S:100)
==347989== 
==347989== This conflicts with a previous write of size 4 by thread #2
==347989== Locks held: none
==347989==    at 0x4001353: client (in /home/kali/os-project/project25-hotel/broken)
==347989==    by 0x485948A: mythread_wrapper (hg_intercepts.c:410)
==347989==    by 0x4918DA8: start_thread (pthread_create.c:448)
==347989==    by 0x4997C2F: clone (clone.S:100)
==347989==  Address 0x4004120 is 0 bytes inside data symbol "total_bookings"
==347989== 
==347989== ----------------------------------------------------------------
==347989== 
==347989== Possible data race during write of size 4 at 0x4004120 by thread #3
==347989== Locks held: none
==347989==    at 0x4001353: client (in /home/kali/os-project/project25-hotel/broken)
==347989==    by 0x485948A: mythread_wrapper (hg_intercepts.c:410)
==347989==    by 0x4918DA8: start_thread (pthread_create.c:448)
==347989==    by 0x4997C2F: clone (clone.S:100)
==347989== 
==347989== This conflicts with a previous write of size 4 by thread #2
==347989== Locks held: none
==347989==    at 0x4001353: client (in /home/kali/os-project/project25-hotel/broken)
==347989==    by 0x485948A: mythread_wrapper (hg_intercepts.c:410)
==347989==    by 0x4918DA8: start_thread (pthread_create.c:448)
==347989==    by 0x4997C2F: clone (clone.S:100)
==347989==  Address 0x4004120 is 0 bytes inside data symbol "total_bookings"
==347989== 
==347989== ----------------------------------------------------------------
==347989== 
==347989== Possible data race during read of size 8 at 0x4004128 by thread #3
==347989== Locks held: none
==347989==    at 0x4001359: client (in /home/kali/os-project/project25-hotel/broken)
==347989==    by 0x485948A: mythread_wrapper (hg_intercepts.c:410)
==347989==    by 0x4918DA8: start_thread (pthread_create.c:448)
==347989==    by 0x4997C2F: clone (clone.S:100)
==347989== 
==347989== This conflicts with a previous write of size 8 by thread #2
==347989== Locks held: none
==347989==    at 0x40013F5: client (in /home/kali/os-project/project25-hotel/broken)
==347989==    by 0x485948A: mythread_wrapper (hg_intercepts.c:410)
==347989==    by 0x4918DA8: start_thread (pthread_create.c:448)
==347989==    by 0x4997C2F: clone (clone.S:100)
==347989==  Address 0x4004128 is 0 bytes inside data symbol "total_revenue"
==347989== 
==347989== ----------------------------------------------------------------
==347989== 
==347989== Possible data race during write of size 8 at 0x4004128 by thread #3
==347989== Locks held: none
==347989==    at 0x40013F5: client (in /home/kali/os-project/project25-hotel/broken)
==347989==    by 0x485948A: mythread_wrapper (hg_intercepts.c:410)
==347989==    by 0x4918DA8: start_thread (pthread_create.c:448)
==347989==    by 0x4997C2F: clone (clone.S:100)
==347989== 
==347989== This conflicts with a previous write of size 8 by thread #2
==347989== Locks held: none
==347989==    at 0x40013F5: client (in /home/kali/os-project/project25-hotel/broken)
==347989==    by 0x485948A: mythread_wrapper (hg_intercepts.c:410)
==347989==    by 0x4918DA8: start_thread (pthread_create.c:448)
==347989==    by 0x4997C2F: clone (clone.S:100)
==347989==  Address 0x4004128 is 0 bytes inside data symbol "total_revenue"
==347989== 
==347989== ----------------------------------------------------------------
==347989== 
==347989== Possible data race during write of size 4 at 0x400408C by thread #4
==347989== Locks held: none
==347989==    at 0x4001426: client (in /home/kali/os-project/project25-hotel/broken)
==347989==    by 0x485948A: mythread_wrapper (hg_intercepts.c:410)
==347989==    by 0x4918DA8: start_thread (pthread_create.c:448)
==347989==    by 0x4997C2F: clone (clone.S:100)
==347989== 
==347989== This conflicts with a previous write of size 4 by thread #2
==347989== Locks held: none
==347989==    at 0x40012D4: client (in /home/kali/os-project/project25-hotel/broken)
==347989==    by 0x485948A: mythread_wrapper (hg_intercepts.c:410)
==347989==    by 0x4918DA8: start_thread (pthread_create.c:448)
==347989==    by 0x4997C2F: clone (clone.S:100)
==347989==  Address 0x400408c is 12 bytes inside data symbol "rooms"
==347989== 
==347989== 
==347989== Use --history-level=approx or =none to gain increased speed, at
==347989== the cost of reduced accuracy of conflicting-access information
==347989== For lists of detected and suppressed errors, rerun with: -s
==347989== ERROR SUMMARY: 2100 errors from 9 contexts (suppressed: 17149 from 46)
